{"numFailedTestSuites":1,"numFailedTests":0,"numPassedTestSuites":0,"numPassedTests":0,"numPendingTestSuites":0,"numPendingTests":0,"numRuntimeErrorTestSuites":1,"numTodoTests":0,"numTotalTestSuites":1,"numTotalTests":0,"openHandles":[],"snapshot":{"added":0,"didUpdate":false,"failure":false,"filesAdded":0,"filesRemoved":0,"filesRemovedList":[],"filesUnmatched":0,"filesUpdated":0,"matched":0,"total":0,"unchecked":0,"uncheckedKeysByFile":[],"unmatched":0,"updated":0},"startTime":1743328400458,"success":false,"testResults":[{"assertionResults":[],"coverage":{},"endTime":1743328401737,"message":"  \u001b[1m● \u001b[22mTest suite failed to run\n\n    Cannot find module 'react-router-dom' from 'src/App.js'\n\n    Require stack:\n      src/App.js\n      src/App.test.js\n\n    \u001b[0m \u001b[90m 1 |\u001b[39m \u001b[36mimport\u001b[39m \u001b[32m'./App.css'\u001b[39m\u001b[33m;\u001b[39m\n    \u001b[31m\u001b[1m>\u001b[22m\u001b[39m\u001b[90m 2 |\u001b[39m \u001b[36mimport\u001b[39m { \u001b[33mBrowserRouter\u001b[39m \u001b[33m,\u001b[39m\u001b[33mRoute\u001b[39m\u001b[33m,\u001b[39m \u001b[33mRoutes\u001b[39m } \u001b[36mfrom\u001b[39m \u001b[32m'react-router-dom'\u001b[39m\u001b[33m;\u001b[39m\n     \u001b[90m   |\u001b[39m \u001b[31m\u001b[1m^\u001b[22m\u001b[39m\n     \u001b[90m 3 |\u001b[39m \u001b[36mimport\u001b[39m \u001b[33mHome\u001b[39m \u001b[36mfrom\u001b[39m \u001b[32m\"./Home\"\u001b[39m\u001b[33m;\u001b[39m\n     \u001b[90m 4 |\u001b[39m\n     \u001b[90m 5 |\u001b[39m \u001b[36mfunction\u001b[39m \u001b[33mApp\u001b[39m() {\u001b[0m\n\n      \u001b[2mat Resolver.resolveModule (\u001b[22mnode_modules/jest-resolve/build/resolver.js\u001b[2m:324:11)\u001b[22m\n      \u001b[2mat Object.<anonymous> (\u001b[22msrc/App.js\u001b[2m:2:1)\u001b[22m\n      \u001b[2mat Object.<anonymous> (\u001b[22m\u001b[0m\u001b[36msrc/App.test.js\u001b[39m\u001b[0m\u001b[2m:2:1)\u001b[22m\n      \u001b[2mat TestScheduler.scheduleTests (\u001b[22mnode_modules/@jest/core/build/TestScheduler.js\u001b[2m:333:13)\u001b[22m\n      \u001b[2mat runJest (\u001b[22mnode_modules/@jest/core/build/runJest.js\u001b[2m:404:19)\u001b[22m\n      \u001b[2mat _run10000 (\u001b[22mnode_modules/@jest/core/build/cli/index.js\u001b[2m:320:7)\u001b[22m\n      \u001b[2mat runCLI (\u001b[22mnode_modules/@jest/core/build/cli/index.js\u001b[2m:173:3)\u001b[22m\n","name":"C:\\demoapp\\cicd\\src\\App.test.js","startTime":1743328401737,"status":"failed","summary":""}],"wasInterrupted":false}